2025-09-05 01:25:45 [info]: ✅ Brand data fetched successfully for ApplicationId: BR-20250904-0003
2025-09-05 01:45:13 [info]: ✅ Brand data fetched successfully for ApplicationId: BR-20250904-0003
2025-09-05 01:45:13 [info]: ✅ Brand data fetched successfully for ApplicationId: BR-20250904-0003
2025-09-05 01:45:28 [info]: ✅ Brand data fetched successfully for ApplicationId: BR-20250904-0003
2025-09-05 01:45:28 [info]: ✅ Brand data fetched successfully for ApplicationId: BR-20250904-0003
2025-09-05 01:53:02 [info]: ✅ Brand data fetched successfully for ApplicationId: BR-20250904-0003
2025-09-05 01:53:02 [info]: ✅ Brand data fetched successfully for ApplicationId: BR-20250904-0003
2025-09-05 01:53:09 [info]: ✅ Brand data fetched successfully for ApplicationId: BR-20250904-0003
2025-09-05 01:53:55 [info]: ✅ Brand data fetched successfully for ApplicationId: BR-20250904-0003
2025-09-05 01:55:39 [info]: ✅ Brand data fetched successfully for ApplicationId: BR-20250904-0003
2025-09-05 01:55:51 [info]: ✅ Brand data fetched successfully for ApplicationId: BR-20250904-0003
2025-09-05 01:55:57 [info]: ✅ Brand data fetched successfully for ApplicationId: BR-20250904-0003
2025-09-05 01:56:29 [info]: ✅ Brand data fetched successfully for ApplicationId: BR-20250904-0003
2025-09-05 01:58:14 [info]: ✅ Brand data fetched successfully for ApplicationId: BR-20250904-0003
2025-09-05 01:58:14 [info]: ✅ Brand data fetched successfully for ApplicationId: BR-20250904-0003
2025-09-05 01:58:39 [info]: ✅ Brand data fetched successfully for ApplicationId: BR-20250904-0003
2025-09-05 01:58:43 [info]: ✅ Brand data fetched successfully for ApplicationId: BR-20250904-0003
2025-09-05 01:58:43 [info]: ✅ Brand data fetched successfully for ApplicationId: BR-20250904-0003
2025-09-05 01:58:48 [info]: ✅ Brand data fetched successfully for ApplicationId: BR-20250904-0003
2025-09-05 01:59:27 [info]: ✅ Brand data fetched successfully for ApplicationId: BR-20250904-0003
2025-09-05 01:59:27 [info]: ✅ Brand data fetched successfully for ApplicationId: BR-20250904-0003
2025-09-05 02:01:02 [info]: ✅ Brand data fetched successfully for ApplicationId: BR-20250904-0003
2025-09-05 02:01:02 [info]: ✅ Brand data fetched successfully for ApplicationId: BR-20250904-0003
2025-09-05 02:04:00 [info]: ✅ Brand data fetched successfully for ApplicationId: BR-20250904-0003
2025-09-05 02:04:00 [info]: ✅ Brand data fetched successfully for ApplicationId: BR-20250904-0003
2025-09-05 02:04:16 [info]: ✅ Brand data fetched successfully for ApplicationId: BR-20250904-0003
2025-09-05 02:04:16 [info]: ✅ Brand data fetched successfully for ApplicationId: BR-20250904-0003
2025-09-05 02:05:11 [info]: ✅ Brand data fetched successfully for ApplicationId: BR-20250904-0003
2025-09-05 02:05:11 [info]: ✅ Brand data fetched successfully for ApplicationId: BR-20250904-0003
2025-09-05 02:08:54 [info]: ✅ Brand data fetched successfully for ApplicationId: BR-20250904-0003
2025-09-05 02:08:54 [info]: ✅ Brand data fetched successfully for ApplicationId: BR-20250904-0003
2025-09-05 02:09:40 [info]: ✅ Brand data fetched successfully for ApplicationId: BR-20250904-0003
2025-09-05 02:09:40 [info]: ✅ Brand data fetched successfully for ApplicationId: BR-20250904-0003
2025-09-05 02:10:19 [info]: ✅ Brand data fetched successfully for ApplicationId: BR-20250904-0003
2025-09-05 02:10:19 [info]: ✅ Brand data fetched successfully for ApplicationId: BR-20250904-0003
2025-09-05 02:12:56 [info]: ✅ Brand data fetched successfully for ApplicationId: BR-20250904-0003
2025-09-05 02:12:56 [info]: ✅ Brand data fetched successfully for ApplicationId: BR-20250904-0003
2025-09-05 02:18:25 [info]: ✅ Brand data fetched successfully for ApplicationId: BR-20250904-0003
2025-09-05 02:18:25 [info]: ✅ Brand data fetched successfully for ApplicationId: BR-20250904-0003
2025-09-05 02:20:13 [info]: ✅ Brand data fetched successfully for ApplicationId: BR-20250904-0003
2025-09-05 02:20:13 [info]: ✅ Brand data fetched successfully for ApplicationId: BR-20250904-0003
2025-09-05 02:21:34 [info]: ✅ Brand data fetched successfully for ApplicationId: BR-20250904-0003
2025-09-05 02:21:34 [info]: ✅ Brand data fetched successfully for ApplicationId: BR-20250904-0003
2025-09-05 02:22:24 [info]: ✅ Brand data fetched successfully for ApplicationId: BR-20250904-0003
2025-09-05 02:22:24 [info]: ✅ Brand data fetched successfully for ApplicationId: BR-20250904-0003
2025-09-05 02:27:50 [info]: ✅ Brand data fetched successfully for ApplicationId: BR-20250904-0003
2025-09-05 02:27:50 [info]: ✅ Brand data fetched successfully for ApplicationId: BR-20250904-0003
2025-09-05 02:27:57 [info]: ✅ Brand data fetched successfully for ApplicationId: BR-20250904-0003
2025-09-05 02:28:22 [info]: ✅ Brand data fetched successfully for ApplicationId: BR-20250904-0003
2025-09-05 02:28:22 [info]: ✅ Brand data fetched successfully for ApplicationId: BR-20250904-0003
2025-09-05 02:28:31 [info]: ✅ Brand data fetched successfully for ApplicationId: BR-20250904-0003
2025-09-05 02:28:31 [info]: ✅ Brand data fetched successfully for ApplicationId: BR-20250904-0003
2025-09-05 02:30:15 [info]: ✅ Brand data fetched successfully for ApplicationId: BR-20250904-0003
2025-09-05 02:30:15 [info]: ✅ Brand data fetched successfully for ApplicationId: BR-20250904-0003
2025-09-05 02:30:26 [info]: ✅ Brand data fetched successfully for ApplicationId: BR-20250904-0003
2025-09-05 02:30:26 [info]: ✅ Brand data fetched successfully for ApplicationId: BR-20250904-0003
2025-09-05 02:30:45 [info]: ✅ Brand data fetched successfully for ApplicationId: BR-20250904-0003
2025-09-05 02:30:45 [info]: ✅ Brand data fetched successfully for ApplicationId: BR-20250904-0003
2025-09-05 02:30:50 [info]: ✅ Brand data fetched successfully for ApplicationId: BR-20250904-0003
2025-09-05 02:30:50 [info]: ✅ Brand data fetched successfully for ApplicationId: BR-20250904-0003
2025-09-05 02:31:06 [info]: ✅ Brand data fetched successfully for ApplicationId: BR-20250904-0003
2025-09-05 02:31:06 [info]: ✅ Brand data fetched successfully for ApplicationId: BR-20250904-0003
2025-09-05 02:31:18 [info]: ✅ Brand data fetched successfully for ApplicationId: BR-20250904-0003
2025-09-05 02:31:18 [info]: ✅ Brand data fetched successfully for ApplicationId: BR-20250904-0003
2025-09-05 02:31:28 [info]: ✅ Brand data fetched successfully for ApplicationId: BR-20250904-0003
2025-09-05 02:31:28 [info]: ✅ Brand data fetched successfully for ApplicationId: BR-20250904-0003
2025-09-05 02:31:56 [info]: ✅ Brand data fetched successfully for ApplicationId: BR-20250904-0003
2025-09-05 02:31:56 [info]: ✅ Brand data fetched successfully for ApplicationId: BR-20250904-0003
2025-09-05 08:36:28 [warning]: ⚠️ No brand details found for ApplicationId: 
2025-09-05 08:36:28 [warning]: ⚠️ No brand details found for ApplicationId: 
2025-09-05 08:37:57 [info]: Brand application created and mail sent successfully to: loganathanvj123@gmail.com
2025-09-05 08:44:56 [info]: Brand application created and mail sent successfully to: loganathanvj123@gmail.com
2025-09-05 09:12:00 [info]: ✅ Brand data fetched successfully for ApplicationId: AP202509040001
2025-09-05 09:17:35 [info]: ✅ Brand data fetched successfully for ApplicationId: BR-20250904-0003
2025-09-05 09:28:33 [info]: ✅ Brand data fetched successfully for ApplicationId: BA-2025-000002
2025-09-05 09:31:50 [info]: ✅ Brand data fetched successfully for ApplicationId: BA-2025-000002
2025-09-05 09:31:50 [info]: ✅ Brand data fetched successfully for ApplicationId: BA-2025-000002
2025-09-05 09:38:47 [info]: ✅ Brand data fetched successfully for ApplicationId: BA-2025-000002
2025-09-05 09:38:48 [info]: ✅ Brand data fetched successfully for ApplicationId: BA-2025-000002
2025-09-05 09:42:48 [info]: ✅ Brand data fetched successfully for ApplicationId: BA-2025-000002
2025-09-05 09:42:48 [info]: ✅ Brand data fetched successfully for ApplicationId: BA-2025-000002
2025-09-05 09:44:12 [info]: ✅ Brand data fetched successfully for ApplicationId: BA-2025-000002
2025-09-05 09:44:12 [info]: ✅ Brand data fetched successfully for ApplicationId: BA-2025-000002
2025-09-05 09:59:51 [info]: ✅ Brand data fetched successfully for ApplicationId: BA-2025-000002
2025-09-05 09:59:51 [info]: ✅ Brand data fetched successfully for ApplicationId: BA-2025-000002
2025-09-05 10:07:49 [info]: ✅ Brand data fetched successfully for ApplicationId: BA-2025-000002
2025-09-05 10:08:03 [info]: ✅ Brand data fetched successfully for ApplicationId: BA-2025-000002
2025-09-05 10:08:03 [info]: ✅ Brand data fetched successfully for ApplicationId: BA-2025-000002
2025-09-05 10:12:20 [info]: ✅ Brand data fetched successfully for ApplicationId: BA-2025-000002
2025-09-05 10:12:20 [info]: ✅ Brand data fetched successfully for ApplicationId: BA-2025-000002
2025-09-05 10:15:32 [info]: Brand application created and mail sent successfully to: loganathanvj123@gmail.com
2025-09-05 10:15:59 [warning]: ⚠️ No brand details found for ApplicationId: 
2025-09-05 10:15:59 [warning]: ⚠️ No brand details found for ApplicationId: 
2025-09-05 10:16:03 [info]: ✅ Brand data fetched successfully for ApplicationId: BA-2025-000003
2025-09-05 10:16:03 [info]: ✅ Brand data fetched successfully for ApplicationId: BA-2025-000003
2025-09-05 10:22:40 [info]: ✅ Brand data fetched successfully for ApplicationId: BA-2025-000003
2025-09-05 10:30:06 [info]: ✅ Brand data fetched successfully for ApplicationId: BA-2025-000003
2025-09-05 10:30:06 [info]: ✅ Brand data fetched successfully for ApplicationId: BA-2025-000003
2025-09-05 10:30:06 [info]: ✅ Brand data fetched successfully for ApplicationId: BA-2025-000003
2025-09-05 10:31:03 [info]: ✅ Brand data fetched successfully for ApplicationId: BA-2025-000003
2025-09-05 10:31:03 [info]: ✅ Brand data fetched successfully for ApplicationId: BA-2025-000003
2025-09-05 10:31:03 [info]: ✅ Brand data fetched successfully for ApplicationId: BA-2025-000003
2025-09-05 10:31:26 [info]: ✅ Brand data fetched successfully for ApplicationId: BA-2025-000003
2025-09-05 10:31:26 [info]: ✅ Brand data fetched successfully for ApplicationId: BA-2025-000003
2025-09-05 10:31:26 [info]: ✅ Brand data fetched successfully for ApplicationId: BA-2025-000003
2025-09-05 10:35:15 [info]: ✅ Brand data fetched successfully for ApplicationId: BA-2025-000003
2025-09-05 10:35:15 [info]: ✅ Brand data fetched successfully for ApplicationId: BA-2025-000003
2025-09-05 10:35:15 [info]: ✅ Brand data fetched successfully for ApplicationId: BA-2025-000003
2025-09-05 10:42:02 [info]: ✅ Brand data fetched successfully for ApplicationId: BA-2025-000003
2025-09-05 10:42:02 [info]: ✅ Brand data fetched successfully for ApplicationId: BA-2025-000003
2025-09-05 10:42:02 [info]: ✅ Brand data fetched successfully for ApplicationId: BA-2025-000003
2025-09-05 10:42:21 [info]: ✅ Brand data fetched successfully for ApplicationId: BA-2025-000003
2025-09-05 10:42:21 [info]: ✅ Brand data fetched successfully for ApplicationId: BA-2025-000003
2025-09-05 10:42:21 [info]: ✅ Brand data fetched successfully for ApplicationId: BA-2025-000003
2025-09-05 10:46:51 [info]: ✅ Brand data fetched successfully for ApplicationId: BA-2025-000003
2025-09-05 10:46:51 [info]: ✅ Brand data fetched successfully for ApplicationId: BA-2025-000003
2025-09-05 10:46:52 [info]: ✅ Brand data fetched successfully for ApplicationId: BA-2025-000003
2025-09-05 10:47:07 [info]: ✅ Brand data fetched successfully for ApplicationId: BA-2025-000003
2025-09-05 10:47:07 [info]: ✅ Brand data fetched successfully for ApplicationId: BA-2025-000003
2025-09-05 10:47:07 [info]: ✅ Brand data fetched successfully for ApplicationId: BA-2025-000003
2025-09-05 10:50:34 [info]: ✅ Brand data fetched successfully for ApplicationId: BA-2025-000003
2025-09-05 10:51:48 [info]: ✅ Brand data fetched successfully for ApplicationId: BA-2025-000003
2025-09-05 10:51:49 [info]: ✅ Brand data fetched successfully for ApplicationId: BA-2025-000003
2025-09-05 10:51:54 [info]: ✅ Brand data fetched successfully for ApplicationId: BA-2025-000003
2025-09-05 10:52:31 [info]: ✅ Brand data fetched successfully for ApplicationId: BA-2025-000003
2025-09-05 10:52:31 [info]: ✅ Brand data fetched successfully for ApplicationId: BA-2025-000003
2025-09-05 10:52:36 [info]: ✅ Brand data fetched successfully for ApplicationId: BA-2025-000003
2025-09-05 10:52:43 [info]: ✅ Brand data fetched successfully for ApplicationId: BA-2025-000003
2025-09-05 10:52:43 [info]: ✅ Brand data fetched successfully for ApplicationId: BA-2025-000003
2025-09-05 11:03:43 [info]: Brand application created and mail sent successfully to: loganathanvj123@gmail.com
2025-09-05 11:09:30 [info]: ✅ Brand data fetched successfully for ApplicationId: BRND-2025-000001
2025-09-05 11:09:30 [info]: ✅ Brand data fetched successfully for ApplicationId: BRND-2025-000001
2025-09-05 11:20:53 [info]: ✅ Brand data fetched successfully for ApplicationId: BRND-2025-000001
2025-09-05 11:20:53 [info]: ✅ Brand data fetched successfully for ApplicationId: BRND-2025-000001
2025-09-05 11:21:34 [info]: ✅ Brand data fetched successfully for ApplicationId: BRND-2025-000001
2025-09-05 11:21:34 [info]: ✅ Brand data fetched successfully for ApplicationId: BRND-2025-000001
2025-09-05 11:22:07 [info]: ✅ Brand data fetched successfully for ApplicationId: BRND-2025-000001
2025-09-05 11:29:38 [info]: ✅ Brand data fetched successfully for ApplicationId: BRND-2025-000001
2025-09-05 11:29:38 [info]: ✅ Brand data fetched successfully for ApplicationId: BRND-2025-000001
2025-09-05 11:30:15 [info]: ✅ Brand data fetched successfully for ApplicationId: BRND-2025-000001
2025-09-05 11:49:54 [warning]: ⚠️ No brand details found for ApplicationId: 
2025-09-05 11:49:54 [warning]: ⚠️ No brand details found for ApplicationId: 
2025-09-05 11:50:05 [warning]: ⚠️ No brand details found for ApplicationId: 
2025-09-05 11:50:05 [warning]: ⚠️ No brand details found for ApplicationId: 
2025-09-05 11:51:20 [info]: ✅ Brand data fetched successfully for ApplicationId: BRND-2025-000001
2025-09-05 11:51:20 [info]: ✅ Brand data fetched successfully for ApplicationId: BRND-2025-000001
2025-09-05 11:52:11 [info]: ✅ Brand data fetched successfully for ApplicationId: BRND-2025-000001
2025-09-05 11:52:11 [info]: ✅ Brand data fetched successfully for ApplicationId: BRND-2025-000001
2025-09-05 12:31:09 [info]: ✅ Brand data fetched successfully for ApplicationId: BRND-2025-000001
2025-09-05 12:31:09 [info]: ✅ Brand data fetched successfully for ApplicationId: BRND-2025-000001
2025-09-05 12:51:47 [warning]: ⚠️ No brand details found for ApplicationId: 
2025-09-05 12:51:47 [warning]: ⚠️ No brand details found for ApplicationId: 
2025-09-05 12:58:51 [info]: ✅ Brand data fetched successfully for ApplicationId: BRND-2025-000001
2025-09-05 12:58:51 [info]: ✅ Brand data fetched successfully for ApplicationId: BRND-2025-000001
2025-09-05 12:58:54 [info]: ✅ Brand data fetched successfully for ApplicationId: BRND-2025-000001
2025-09-05 16:04:27 [warning]: ⚠️ No brand details found for ApplicationId: 
2025-09-05 16:04:27 [warning]: ⚠️ No brand details found for ApplicationId: 
2025-09-05 16:07:20 [info]: ✅ Brand data fetched successfully for ApplicationId: BRND-2025-000001
2025-09-05 16:07:20 [info]: ✅ Brand data fetched successfully for ApplicationId: BRND-2025-000001
2025-09-05 16:26:59 [info]: ✅ Brand data fetched successfully for ApplicationId: BRND-2025-000001
2025-09-05 16:26:59 [info]: ✅ Brand data fetched successfully for ApplicationId: BRND-2025-000001
2025-09-05 16:27:12 [info]: ✅ Brand data fetched successfully for ApplicationId: BRND-2025-000001
2025-09-05 17:18:15 [info]: ✅ Brand data fetched successfully for ApplicationId: BRND-2025-000001
2025-09-05 17:18:15 [info]: ✅ Brand data fetched successfully for ApplicationId: BRND-2025-000001
2025-09-05 17:18:20 [warning]: ⚠️ No brand details found for ApplicationId: 
2025-09-05 17:18:20 [warning]: ⚠️ No brand details found for ApplicationId: 
