2025-09-04 15:56:17 [warning]: ⚠️ No brand details found for ApplicationId: 
2025-09-04 15:56:17 [warning]: ⚠️ No brand details found for ApplicationId: 
2025-09-04 16:13:27 [warning]: ⚠️ No brand details found for ApplicationId: 
2025-09-04 16:13:27 [warning]: ⚠️ No brand details found for ApplicationId: 
2025-09-04 16:23:05 [warning]: ⚠️ No brand details found for ApplicationId: 
2025-09-04 16:23:05 [warning]: ⚠️ No brand details found for ApplicationId: 
2025-09-04 16:24:52 [warning]: ⚠️ No brand details found for ApplicationId: 
2025-09-04 16:24:52 [warning]: ⚠️ No brand details found for ApplicationId: 
2025-09-04 16:29:47 [warning]: ⚠️ No brand details found for ApplicationId: 
2025-09-04 16:29:47 [warning]: ⚠️ No brand details found for ApplicationId: 
2025-09-04 16:30:19 [warning]: ⚠️ No brand details found for ApplicationId: 
2025-09-04 16:30:19 [warning]: ⚠️ No brand details found for ApplicationId: 
2025-09-04 16:31:25 [warning]: ⚠️ No brand details found for ApplicationId: 
2025-09-04 16:31:25 [warning]: ⚠️ No brand details found for ApplicationId: 
2025-09-04 16:32:14 [warning]: ⚠️ No brand details found for ApplicationId: 
2025-09-04 16:32:14 [warning]: ⚠️ No brand details found for ApplicationId: 
2025-09-04 16:42:25 [warning]: ⚠️ No brand details found for ApplicationId: 
2025-09-04 16:42:26 [warning]: ⚠️ No brand details found for ApplicationId: 
2025-09-04 16:42:58 [warning]: ⚠️ No brand details found for ApplicationId: 
2025-09-04 16:42:58 [warning]: ⚠️ No brand details found for ApplicationId: 
2025-09-04 16:44:07 [warning]: ⚠️ No brand details found for ApplicationId: 
2025-09-04 16:44:07 [warning]: ⚠️ No brand details found for ApplicationId: 
2025-09-04 16:44:39 [warning]: ⚠️ No brand details found for ApplicationId: 
2025-09-04 16:44:39 [warning]: ⚠️ No brand details found for ApplicationId: 
2025-09-04 16:48:00 [warning]: ⚠️ No brand details found for ApplicationId: 
2025-09-04 16:48:00 [warning]: ⚠️ No brand details found for ApplicationId: 
2025-09-04 16:49:17 [warning]: ⚠️ No brand details found for ApplicationId: 
2025-09-04 16:49:17 [warning]: ⚠️ No brand details found for ApplicationId: 
2025-09-04 16:49:17 [warning]: ⚠️ No brand details found for ApplicationId: 
2025-09-04 16:49:17 [warning]: ⚠️ No brand details found for ApplicationId: 
2025-09-04 16:49:27 [warning]: ⚠️ No brand details found for ApplicationId: 
2025-09-04 16:49:27 [warning]: ⚠️ No brand details found for ApplicationId: 
2025-09-04 16:49:38 [error]: Error in Updating the Brand InFormation Data: ERROR: syntax error at or near "WHERE" (SQLSTATE 42601)
2025-09-04 16:49:49 [error]: Error in Updating the Brand InFormation Data: ERROR: syntax error at or near "WHERE" (SQLSTATE 42601)
2025-09-04 16:51:46 [info]: Brand application created and mail sent successfully to: soniyateddy9791@gmail.com
2025-09-04 16:54:23 [error]: Error in Updating the Brand InFormation Data: ERROR: syntax error at or near "WHERE" (SQLSTATE 42601)
2025-09-04 17:03:43 [warning]: ⚠️ No brand details found for ApplicationId: 
2025-09-04 17:03:43 [warning]: ⚠️ No brand details found for ApplicationId: 
2025-09-04 17:14:10 [info]: Old document deleted successfully: image.png
2025-09-04 17:53:56 [info]: ✅ Brand data fetched successfully for ApplicationId: AP202508310001
2025-09-04 17:53:56 [info]: ✅ Brand data fetched successfully for ApplicationId: AP202508310001
2025-09-04 17:56:04 [info]: Brand application created and mail sent successfully to: soniyateddy9791@gmail.com
2025-09-04 18:14:17 [info]: Brand application created and mail sent successfully to: soniyateddy9791@gmail.com
2025-09-04 18:37:28 [info]: ✅ Brand data fetched successfully for ApplicationId: AP202509010001
2025-09-04 18:37:28 [info]: ✅ Brand data fetched successfully for ApplicationId: AP202509010001
2025-09-04 18:37:55 [info]: ✅ Brand data fetched successfully for ApplicationId: AP202509010001
2025-09-04 18:37:55 [info]: ✅ Brand data fetched successfully for ApplicationId: AP202509010001
2025-09-04 18:40:50 [info]: ✅ Brand data fetched successfully for ApplicationId: AP202509010001
2025-09-04 18:40:50 [info]: ✅ Brand data fetched successfully for ApplicationId: AP202509010001
2025-09-04 18:43:35 [info]: ✅ Brand data fetched successfully for ApplicationId: AP202509010001
2025-09-04 18:43:35 [info]: ✅ Brand data fetched successfully for ApplicationId: AP202509010001
2025-09-04 18:45:23 [info]: ✅ Brand data fetched successfully for ApplicationId: AP202509010001
2025-09-04 18:45:23 [info]: ✅ Brand data fetched successfully for ApplicationId: AP202509010001
2025-09-04 18:46:07 [info]: ✅ Brand data fetched successfully for ApplicationId: AP202509010001
2025-09-04 18:46:07 [info]: ✅ Brand data fetched successfully for ApplicationId: AP202509010001
2025-09-04 18:53:07 [info]: ✅ Brand data fetched successfully for ApplicationId: AP202509010001
2025-09-04 18:53:07 [info]: ✅ Brand data fetched successfully for ApplicationId: AP202509010001
2025-09-04 18:56:51 [info]: ✅ Brand data fetched successfully for ApplicationId: AP202509010001
2025-09-04 18:56:51 [info]: ✅ Brand data fetched successfully for ApplicationId: AP202509010001
2025-09-04 19:05:08 [info]: ✅ Brand data fetched successfully for ApplicationId: AP202509040002
2025-09-04 19:32:50 [info]: ✅ Brand data fetched successfully for ApplicationId: AP202509040002
2025-09-04 19:32:50 [info]: ✅ Brand data fetched successfully for ApplicationId: AP202509040002
2025-09-04 19:34:55 [info]: ✅ Brand data fetched successfully for ApplicationId: AP202509040002
2025-09-04 19:34:55 [info]: ✅ Brand data fetched successfully for ApplicationId: AP202509040002
2025-09-04 19:35:31 [info]: ✅ Brand data fetched successfully for ApplicationId: AP202509040002
2025-09-04 19:35:31 [info]: ✅ Brand data fetched successfully for ApplicationId: AP202509040002
2025-09-04 19:36:09 [info]: ✅ Brand data fetched successfully for ApplicationId: AP202509040002
2025-09-04 19:36:09 [info]: ✅ Brand data fetched successfully for ApplicationId: AP202509040002
2025-09-04 19:37:20 [info]: ✅ Brand data fetched successfully for ApplicationId: AP202509040002
2025-09-04 19:37:20 [info]: ✅ Brand data fetched successfully for ApplicationId: AP202509040002
2025-09-04 19:37:56 [info]: ✅ Brand data fetched successfully for ApplicationId: AP202509040002
2025-09-04 19:37:56 [info]: ✅ Brand data fetched successfully for ApplicationId: AP202509040002
2025-09-04 19:38:18 [info]: ✅ Brand data fetched successfully for ApplicationId: AP202509040002
2025-09-04 19:38:18 [info]: ✅ Brand data fetched successfully for ApplicationId: AP202509040002
2025-09-04 19:53:26 [info]: ✅ Brand data fetched successfully for ApplicationId: AP202509040002
2025-09-04 19:53:26 [info]: ✅ Brand data fetched successfully for ApplicationId: AP202509040002
2025-09-04 20:18:14 [info]: ✅ Brand data fetched successfully for ApplicationId: AP202509040002
2025-09-04 20:18:14 [info]: ✅ Brand data fetched successfully for ApplicationId: AP202509040002
2025-09-04 20:19:37 [info]: ✅ Brand data fetched successfully for ApplicationId: AP202509040002
2025-09-04 20:19:37 [info]: ✅ Brand data fetched successfully for ApplicationId: AP202509040002
2025-09-04 20:27:49 [info]: ✅ Brand data fetched successfully for ApplicationId: AP202509040002
2025-09-04 20:27:49 [info]: ✅ Brand data fetched successfully for ApplicationId: AP202509040002
2025-09-04 23:30:52 [warning]: ⚠️ No brand details found for ApplicationId: AP202508310008
2025-09-04 23:31:19 [info]: ✅ Brand data fetched successfully for ApplicationId: AP202508310001
2025-09-04 23:32:24 [info]: ✅ Brand data fetched successfully for ApplicationId: AP202509040001
2025-09-04 23:34:06 [info]: ✅ Brand data fetched successfully for ApplicationId: AP202509040001
2025-09-04 23:45:57 [info]: ✅ Brand data fetched successfully for ApplicationId: AP202509040001
2025-09-04 23:48:53 [info]: Brand application created and mail sent successfully to: loganathanvj123@gmail.com
2025-09-04 23:49:24 [info]: Brand application created and mail sent successfully to: loganathanvj123@gmail.com
2025-09-04 23:51:36 [info]: Brand application created and mail sent successfully to: loganathanvj123@gmail.com
2025-09-04 23:52:09 [info]: Brand application created and mail sent successfully to: loganathanvj123@gmail.com
2025-09-04 23:55:13 [info]: Brand application created and mail sent successfully to: loganathanvj123@gmail.com
2025-09-04 23:55:42 [info]: Brand application created and mail sent successfully to: loganathanvj123@gmail.com
